2024/11/18 22:37:37 Aplikasi dimulai...
2024/11/18 22:37:37 Membuat instance Gin...
2024/11/18 22:37:37 Gin instance: &{RouterGroup:{Handlers:[0x4d4380 0x4d52c0] basePath:/ engine:0xc0000b9860 root:true} RedirectTrailingSlash:true RedirectFixedPath:false HandleMethodNotAllowed:false ForwardedByClientIP:true AppEngine:false UseRawPath:false UnescapePathValues:true RemoveExtraSlash:false RemoteIPHeaders:[X-Forwarded-For X-Real-IP] TrustedPlatform: MaxMultipartMemory:33554432 UseH2C:false ContextWithFallback:false delims:{Left:{{ Right:}}} secureJSONPrefix:while(1); HTMLRender:<nil> FuncMap:map[] allNoRoute:[0x4d4380 0x4d52c0] allNoMethod:[0x4d4380 0x4d52c0] noRoute:[] noMethod:[] pool:{noCopy:{} local:<nil> localSize:0 victim:<nil> victimSize:0 New:0x4d1d00} trees:[] maxParams:0 maxSections:0 trustedProxies:[0.0.0.0/0 ::/0] trustedCIDRs:[0x8b0440 0x8b0480]}
2024/11/18 22:37:37 Membuat MembershipHandler...
2024/11/18 22:37:37 MembershipHandler: &{Engine:0xc0000b9860}
2024/11/18 22:37:37 Mendaftarkan route...
2024/11/18 22:37:37 Server akan berjalan di port :9000
2024/11/18 22:38:59 Aplikasi dimulai...
2024/11/18 22:38:59 Membuat instance Gin...
2024/11/18 22:38:59 Gin instance: &{RouterGroup:{Handlers:[0x5f4380 0x5f52c0] basePath:/ engine:0xc0000e5860 root:true} RedirectTrailingSlash:true RedirectFixedPath:false HandleMethodNotAllowed:false ForwardedByClientIP:true AppEngine:false UseRawPath:false UnescapePathValues:true RemoveExtraSlash:false RemoteIPHeaders:[X-Forwarded-For X-Real-IP] TrustedPlatform: MaxMultipartMemory:33554432 UseH2C:false ContextWithFallback:false delims:{Left:{{ Right:}}} secureJSONPrefix:while(1); HTMLRender:<nil> FuncMap:map[] allNoRoute:[0x5f4380 0x5f52c0] allNoMethod:[0x5f4380 0x5f52c0] noRoute:[] noMethod:[] pool:{noCopy:{} local:<nil> localSize:0 victim:<nil> victimSize:0 New:0x5f1d00} trees:[] maxParams:0 maxSections:0 trustedProxies:[0.0.0.0/0 ::/0] trustedCIDRs:[0x9d0440 0x9d0480]}
2024/11/18 22:38:59 Membuat MembershipHandler...
2024/11/18 22:38:59 MembershipHandler: 0xc000094c60
2024/11/18 22:38:59 Mendaftarkan route...
2024/11/18 22:38:59 Server akan berjalan di port :9000
2024/11/18 22:39:33 Aplikasi dimulai...
2024/11/18 22:39:33 Membuat instance Gin...
2024/11/18 22:39:33 Gin instance: &{RouterGroup:{Handlers:[0x1004380 0x10052c0] basePath:/ engine:0xc000139860 root:true} RedirectTrailingSlash:true RedirectFixedPath:false HandleMethodNotAllowed:false ForwardedByClientIP:true AppEngine:false UseRawPath:false UnescapePathValues:true RemoveExtraSlash:false RemoteIPHeaders:[X-Forwarded-For X-Real-IP] TrustedPlatform: MaxMultipartMemory:33554432 UseH2C:false ContextWithFallback:false delims:{Left:{{ Right:}}} secureJSONPrefix:while(1); HTMLRender:<nil> FuncMap:map[] allNoRoute:[0x1004380 0x10052c0] allNoMethod:[0x1004380 0x10052c0] noRoute:[] noMethod:[] pool:{noCopy:{} local:<nil> localSize:0 victim:<nil> victimSize:0 New:0x1001d00} trees:[] maxParams:0 maxSections:0 trustedProxies:[0.0.0.0/0 ::/0] trustedCIDRs:[0x13e0440 0x13e0480]}
2024/11/18 22:39:33 Membuat MembershipHandler...
2024/11/18 22:39:33 MembershipHandler: 0xc00006cc68
2024/11/18 22:39:33 Mendaftarkan route...
2024/11/18 22:39:33 Server akan berjalan di port :9000
